[2026-01-14T11:33:24.588+0000] {taskinstance.py:1159} INFO - Dependencies all met for dep_context=non-requeueable deps ti=<TaskInstance: drift_retrain_register.train_model manual__2026-01-14T11:33:15.511593+00:00 [queued]>
[2026-01-14T11:33:24.598+0000] {taskinstance.py:1159} INFO - Dependencies all met for dep_context=requeueable deps ti=<TaskInstance: drift_retrain_register.train_model manual__2026-01-14T11:33:15.511593+00:00 [queued]>
[2026-01-14T11:33:24.599+0000] {taskinstance.py:1361} INFO - Starting attempt 1 of 1
[2026-01-14T11:33:24.611+0000] {taskinstance.py:1382} INFO - Executing <Task(BashOperator): train_model> on 2026-01-14 11:33:15.511593+00:00
[2026-01-14T11:33:24.618+0000] {standard_task_runner.py:57} INFO - Started process 269 to run task
[2026-01-14T11:33:24.621+0000] {standard_task_runner.py:84} INFO - Running: ['***', 'tasks', 'run', 'drift_retrain_register', 'train_model', 'manual__2026-01-14T11:33:15.511593+00:00', '--job-id', '21', '--raw', '--subdir', 'DAGS_FOLDER/drift_retrain_register_dag.py', '--cfg-path', '/tmp/tmp2kq0_eq_']
[2026-01-14T11:33:24.623+0000] {standard_task_runner.py:85} INFO - Job 21: Subtask train_model
[2026-01-14T11:33:24.683+0000] {task_command.py:416} INFO - Running <TaskInstance: drift_retrain_register.train_model manual__2026-01-14T11:33:15.511593+00:00 [running]> on host 23d679e944e7
[2026-01-14T11:33:24.758+0000] {taskinstance.py:1662} INFO - Exporting env vars: AIRFLOW_CTX_DAG_OWNER='***' AIRFLOW_CTX_DAG_ID='drift_retrain_register' AIRFLOW_CTX_TASK_ID='train_model' AIRFLOW_CTX_EXECUTION_DATE='2026-01-14T11:33:15.511593+00:00' AIRFLOW_CTX_TRY_NUMBER='1' AIRFLOW_CTX_DAG_RUN_ID='manual__2026-01-14T11:33:15.511593+00:00'
[2026-01-14T11:33:24.760+0000] {subprocess.py:63} INFO - Tmp dir root location: /tmp
[2026-01-14T11:33:24.761+0000] {subprocess.py:75} INFO - Running command: ['/bin/bash', '-c', 'python /opt/***/scripts/train_pycaret.py']
[2026-01-14T11:33:24.774+0000] {subprocess.py:86} INFO - Output:
[2026-01-14T11:33:30.953+0000] {subprocess.py:93} INFO - 2026/01/14 11:33:30 INFO mlflow.tracking.fluent: Experiment with name 'diamonds_automl' does not exist. Creating a new experiment.
[2026-01-14T11:33:31.026+0000] {subprocess.py:93} INFO - 2026/01/14 11:33:31 WARNING mlflow.utils.git_utils: Failed to import Git (the Git executable is probably not on your PATH), so Git SHA is not available. Error: Failed to initialize: Bad git executable.
[2026-01-14T11:33:31.027+0000] {subprocess.py:93} INFO - The git executable must be specified in one of the following ways:
[2026-01-14T11:33:31.027+0000] {subprocess.py:93} INFO -     - be included in your $PATH
[2026-01-14T11:33:31.028+0000] {subprocess.py:93} INFO -     - be set via $GIT_PYTHON_GIT_EXECUTABLE
[2026-01-14T11:33:31.028+0000] {subprocess.py:93} INFO -     - explicitly set via git.refresh(<full-path-to-git-executable>)
[2026-01-14T11:33:31.028+0000] {subprocess.py:93} INFO - 
[2026-01-14T11:33:31.028+0000] {subprocess.py:93} INFO - All git commands will error until this is rectified.
[2026-01-14T11:33:31.029+0000] {subprocess.py:93} INFO - 
[2026-01-14T11:33:31.029+0000] {subprocess.py:93} INFO - This initial message can be silenced or aggravated in the future by setting the
[2026-01-14T11:33:31.029+0000] {subprocess.py:93} INFO - $GIT_PYTHON_REFRESH environment variable. Use one of the following values:
[2026-01-14T11:33:31.030+0000] {subprocess.py:93} INFO -     - quiet|q|silence|s|silent|none|n|0: for no message or exception
[2026-01-14T11:33:31.030+0000] {subprocess.py:93} INFO -     - warn|w|warning|log|l|1: for a warning message (logging level CRITICAL, displayed by default)
[2026-01-14T11:33:31.030+0000] {subprocess.py:93} INFO -     - error|e|exception|raise|r|2: for a raised exception
[2026-01-14T11:33:31.030+0000] {subprocess.py:93} INFO - 
[2026-01-14T11:33:31.031+0000] {subprocess.py:93} INFO - Example:
[2026-01-14T11:33:31.031+0000] {subprocess.py:93} INFO -     export GIT_PYTHON_REFRESH=quiet
[2026-01-14T11:33:31.031+0000] {subprocess.py:93} INFO - 
[2026-01-14T11:33:31.552+0000] {subprocess.py:93} INFO - Traceback (most recent call last):
[2026-01-14T11:33:31.552+0000] {subprocess.py:93} INFO -   File "/home/***/.local/lib/python3.8/site-packages/boto3/s3/transfer.py", line 292, in upload_file
[2026-01-14T11:33:31.553+0000] {subprocess.py:93} INFO -     future.result()
[2026-01-14T11:33:31.553+0000] {subprocess.py:93} INFO -   File "/home/***/.local/lib/python3.8/site-packages/s3transfer/futures.py", line 103, in result
[2026-01-14T11:33:31.553+0000] {subprocess.py:93} INFO -     return self._coordinator.result()
[2026-01-14T11:33:31.554+0000] {subprocess.py:93} INFO -   File "/home/***/.local/lib/python3.8/site-packages/s3transfer/futures.py", line 266, in result
[2026-01-14T11:33:31.554+0000] {subprocess.py:93} INFO -     raise self._exception
[2026-01-14T11:33:31.554+0000] {subprocess.py:93} INFO -   File "/home/***/.local/lib/python3.8/site-packages/s3transfer/tasks.py", line 139, in __call__
[2026-01-14T11:33:31.555+0000] {subprocess.py:93} INFO -     return self._execute_main(kwargs)
[2026-01-14T11:33:31.555+0000] {subprocess.py:93} INFO -   File "/home/***/.local/lib/python3.8/site-packages/s3transfer/tasks.py", line 162, in _execute_main
[2026-01-14T11:33:31.555+0000] {subprocess.py:93} INFO -     return_value = self._main(**kwargs)
[2026-01-14T11:33:31.555+0000] {subprocess.py:93} INFO -   File "/home/***/.local/lib/python3.8/site-packages/s3transfer/upload.py", line 764, in _main
[2026-01-14T11:33:31.556+0000] {subprocess.py:93} INFO -     client.put_object(Bucket=bucket, Key=key, Body=body, **extra_args)
[2026-01-14T11:33:31.556+0000] {subprocess.py:93} INFO -   File "/home/***/.local/lib/python3.8/site-packages/botocore/client.py", line 535, in _api_call
[2026-01-14T11:33:31.556+0000] {subprocess.py:93} INFO -     return self._make_api_call(operation_name, kwargs)
[2026-01-14T11:33:31.556+0000] {subprocess.py:93} INFO -   File "/home/***/.local/lib/python3.8/site-packages/botocore/client.py", line 983, in _make_api_call
[2026-01-14T11:33:31.557+0000] {subprocess.py:93} INFO -     raise error_class(parsed_response, operation_name)
[2026-01-14T11:33:31.557+0000] {subprocess.py:93} INFO - botocore.errorfactory.NoSuchBucket: An error occurred (NoSuchBucket) when calling the PutObject operation: The specified bucket does not exist
[2026-01-14T11:33:31.557+0000] {subprocess.py:93} INFO - 
[2026-01-14T11:33:31.558+0000] {subprocess.py:93} INFO - During handling of the above exception, another exception occurred:
[2026-01-14T11:33:31.558+0000] {subprocess.py:93} INFO - 
[2026-01-14T11:33:31.558+0000] {subprocess.py:93} INFO - Traceback (most recent call last):
[2026-01-14T11:33:31.558+0000] {subprocess.py:93} INFO -   File "/opt/***/scripts/train_pycaret.py", line 88, in <module>
[2026-01-14T11:33:31.559+0000] {subprocess.py:93} INFO -     main()
[2026-01-14T11:33:31.559+0000] {subprocess.py:93} INFO -   File "/opt/***/scripts/train_pycaret.py", line 42, in main
[2026-01-14T11:33:31.559+0000] {subprocess.py:93} INFO -     setup(
[2026-01-14T11:33:31.560+0000] {subprocess.py:93} INFO -   File "/home/***/.local/lib/python3.8/site-packages/pycaret/regression/functional.py", line 593, in setup
[2026-01-14T11:33:31.560+0000] {subprocess.py:93} INFO -     return exp.setup(
[2026-01-14T11:33:31.560+0000] {subprocess.py:93} INFO -   File "/home/***/.local/lib/python3.8/site-packages/pycaret/regression/oop.py", line 970, in setup
[2026-01-14T11:33:31.560+0000] {subprocess.py:93} INFO -     self._set_up_logging(
[2026-01-14T11:33:31.561+0000] {subprocess.py:93} INFO -   File "/home/***/.local/lib/python3.8/site-packages/pycaret/internal/pycaret_experiment/supervised_experiment.py", line 268, in _set_up_logging
[2026-01-14T11:33:31.561+0000] {subprocess.py:93} INFO -     self.logging_param.log_experiment(
[2026-01-14T11:33:31.561+0000] {subprocess.py:93} INFO -   File "/home/***/.local/lib/python3.8/site-packages/pycaret/loggers/dashboard_logger.py", line 229, in log_experiment
[2026-01-14T11:33:31.561+0000] {subprocess.py:93} INFO -     [
[2026-01-14T11:33:31.562+0000] {subprocess.py:93} INFO -   File "/home/***/.local/lib/python3.8/site-packages/pycaret/loggers/dashboard_logger.py", line 230, in <listcomp>
[2026-01-14T11:33:31.562+0000] {subprocess.py:93} INFO -     logger.log_artifact(
[2026-01-14T11:33:31.562+0000] {subprocess.py:93} INFO -   File "/home/***/.local/lib/python3.8/site-packages/pycaret/loggers/mlflow_logger.py", line 125, in log_artifact
[2026-01-14T11:33:31.563+0000] {subprocess.py:93} INFO -     mlflow.log_artifact(file)
[2026-01-14T11:33:31.563+0000] {subprocess.py:93} INFO -   File "/home/***/.local/lib/python3.8/site-packages/mlflow/tracking/fluent.py", line 996, in log_artifact
[2026-01-14T11:33:31.563+0000] {subprocess.py:93} INFO -     MlflowClient().log_artifact(run_id, local_path, artifact_path)
[2026-01-14T11:33:31.564+0000] {subprocess.py:93} INFO -   File "/home/***/.local/lib/python3.8/site-packages/mlflow/tracking/client.py", line 1149, in log_artifact
[2026-01-14T11:33:31.564+0000] {subprocess.py:93} INFO -     self._tracking_client.log_artifact(run_id, local_path, artifact_path)
[2026-01-14T11:33:31.564+0000] {subprocess.py:93} INFO -   File "/home/***/.local/lib/python3.8/site-packages/mlflow/tracking/_tracking_service/client.py", line 529, in log_artifact
[2026-01-14T11:33:31.565+0000] {subprocess.py:93} INFO -     artifact_repo.log_artifact(local_path, artifact_path)
[2026-01-14T11:33:31.565+0000] {subprocess.py:93} INFO -   File "/home/***/.local/lib/python3.8/site-packages/mlflow/store/artifact/s3_artifact_repo.py", line 172, in log_artifact
[2026-01-14T11:33:31.565+0000] {subprocess.py:93} INFO -     self._upload_file(
[2026-01-14T11:33:31.566+0000] {subprocess.py:93} INFO -   File "/home/***/.local/lib/python3.8/site-packages/mlflow/store/artifact/s3_artifact_repo.py", line 165, in _upload_file
[2026-01-14T11:33:31.566+0000] {subprocess.py:93} INFO -     s3_client.upload_file(Filename=local_file, Bucket=bucket, Key=key, ExtraArgs=extra_args)
[2026-01-14T11:33:31.566+0000] {subprocess.py:93} INFO -   File "/home/***/.local/lib/python3.8/site-packages/boto3/s3/inject.py", line 143, in upload_file
[2026-01-14T11:33:31.566+0000] {subprocess.py:93} INFO -     return transfer.upload_file(
[2026-01-14T11:33:31.567+0000] {subprocess.py:93} INFO -   File "/home/***/.local/lib/python3.8/site-packages/boto3/s3/transfer.py", line 298, in upload_file
[2026-01-14T11:33:31.567+0000] {subprocess.py:93} INFO -     raise S3UploadFailedError(
[2026-01-14T11:33:31.567+0000] {subprocess.py:93} INFO - boto3.exceptions.S3UploadFailedError: Failed to upload /tmp/tmpszxuchl5/Transformation Pipeline.pkl to mlflow/1/7038643ee51047df93e30146af07666d/artifacts/Transformation Pipeline.pkl: An error occurred (NoSuchBucket) when calling the PutObject operation: The specified bucket does not exist
[2026-01-14T11:33:32.154+0000] {subprocess.py:97} INFO - Command exited with return code 1
[2026-01-14T11:33:32.168+0000] {taskinstance.py:1937} ERROR - Task failed with exception
Traceback (most recent call last):
  File "/home/airflow/.local/lib/python3.8/site-packages/airflow/operators/bash.py", line 210, in execute
    raise AirflowException(
airflow.exceptions.AirflowException: Bash command failed. The command returned a non-zero exit code 1.
[2026-01-14T11:33:32.171+0000] {taskinstance.py:1400} INFO - Marking task as FAILED. dag_id=drift_retrain_register, task_id=train_model, execution_date=20260114T113315, start_date=20260114T113324, end_date=20260114T113332
[2026-01-14T11:33:32.183+0000] {standard_task_runner.py:104} ERROR - Failed to execute job 21 for task train_model (Bash command failed. The command returned a non-zero exit code 1.; 269)
[2026-01-14T11:33:32.211+0000] {local_task_job_runner.py:228} INFO - Task exited with return code 1
[2026-01-14T11:33:32.230+0000] {taskinstance.py:2778} INFO - 0 downstream tasks scheduled from follow-on schedule check
