[2026-01-14T12:42:03.164+0000] {taskinstance.py:1159} INFO - Dependencies all met for dep_context=non-requeueable deps ti=<TaskInstance: drift_retrain_register.train_model manual__2026-01-14T12:41:53.091914+00:00 [queued]>
[2026-01-14T12:42:03.175+0000] {taskinstance.py:1159} INFO - Dependencies all met for dep_context=requeueable deps ti=<TaskInstance: drift_retrain_register.train_model manual__2026-01-14T12:41:53.091914+00:00 [queued]>
[2026-01-14T12:42:03.175+0000] {taskinstance.py:1361} INFO - Starting attempt 1 of 1
[2026-01-14T12:42:03.188+0000] {taskinstance.py:1382} INFO - Executing <Task(BashOperator): train_model> on 2026-01-14 12:41:53.091914+00:00
[2026-01-14T12:42:03.195+0000] {standard_task_runner.py:57} INFO - Started process 269 to run task
[2026-01-14T12:42:03.198+0000] {standard_task_runner.py:84} INFO - Running: ['***', 'tasks', 'run', 'drift_retrain_register', 'train_model', 'manual__2026-01-14T12:41:53.091914+00:00', '--job-id', '45', '--raw', '--subdir', 'DAGS_FOLDER/drift_retrain_register_dag.py', '--cfg-path', '/tmp/tmp5l2cf4wn']
[2026-01-14T12:42:03.201+0000] {standard_task_runner.py:85} INFO - Job 45: Subtask train_model
[2026-01-14T12:42:03.268+0000] {task_command.py:416} INFO - Running <TaskInstance: drift_retrain_register.train_model manual__2026-01-14T12:41:53.091914+00:00 [running]> on host c99f43e44d79
[2026-01-14T12:42:03.352+0000] {taskinstance.py:1662} INFO - Exporting env vars: AIRFLOW_CTX_DAG_OWNER='***' AIRFLOW_CTX_DAG_ID='drift_retrain_register' AIRFLOW_CTX_TASK_ID='train_model' AIRFLOW_CTX_EXECUTION_DATE='2026-01-14T12:41:53.091914+00:00' AIRFLOW_CTX_TRY_NUMBER='1' AIRFLOW_CTX_DAG_RUN_ID='manual__2026-01-14T12:41:53.091914+00:00'
[2026-01-14T12:42:03.353+0000] {subprocess.py:63} INFO - Tmp dir root location: /tmp
[2026-01-14T12:42:03.355+0000] {subprocess.py:75} INFO - Running command: ['/bin/bash', '-c', 'python /opt/***/scripts/train_pycaret.py']
[2026-01-14T12:42:03.370+0000] {subprocess.py:86} INFO - Output:
[2026-01-14T12:42:09.773+0000] {subprocess.py:93} INFO - 2026/01/14 12:42:09 WARNING mlflow.utils.git_utils: Failed to import Git (the Git executable is probably not on your PATH), so Git SHA is not available. Error: Failed to initialize: Bad git executable.
[2026-01-14T12:42:09.773+0000] {subprocess.py:93} INFO - The git executable must be specified in one of the following ways:
[2026-01-14T12:42:09.774+0000] {subprocess.py:93} INFO -     - be included in your $PATH
[2026-01-14T12:42:09.774+0000] {subprocess.py:93} INFO -     - be set via $GIT_PYTHON_GIT_EXECUTABLE
[2026-01-14T12:42:09.774+0000] {subprocess.py:93} INFO -     - explicitly set via git.refresh(<full-path-to-git-executable>)
[2026-01-14T12:42:09.775+0000] {subprocess.py:93} INFO - 
[2026-01-14T12:42:09.775+0000] {subprocess.py:93} INFO - All git commands will error until this is rectified.
[2026-01-14T12:42:09.775+0000] {subprocess.py:93} INFO - 
[2026-01-14T12:42:09.775+0000] {subprocess.py:93} INFO - This initial message can be silenced or aggravated in the future by setting the
[2026-01-14T12:42:09.776+0000] {subprocess.py:93} INFO - $GIT_PYTHON_REFRESH environment variable. Use one of the following values:
[2026-01-14T12:42:09.776+0000] {subprocess.py:93} INFO -     - quiet|q|silence|s|silent|none|n|0: for no message or exception
[2026-01-14T12:42:09.776+0000] {subprocess.py:93} INFO -     - warn|w|warning|log|l|1: for a warning message (logging level CRITICAL, displayed by default)
[2026-01-14T12:42:09.777+0000] {subprocess.py:93} INFO -     - error|e|exception|raise|r|2: for a raised exception
[2026-01-14T12:42:09.777+0000] {subprocess.py:93} INFO - 
[2026-01-14T12:42:09.778+0000] {subprocess.py:93} INFO - Example:
[2026-01-14T12:42:09.778+0000] {subprocess.py:93} INFO -     export GIT_PYTHON_REFRESH=quiet
[2026-01-14T12:42:09.778+0000] {subprocess.py:93} INFO - 
[2026-01-14T12:42:10.697+0000] {subprocess.py:93} INFO - stage=setup start
[2026-01-14T12:42:10.698+0000] {subprocess.py:93} INFO -                     Description            Value
[2026-01-14T12:42:10.698+0000] {subprocess.py:93} INFO - 0                    Session id               42
[2026-01-14T12:42:10.698+0000] {subprocess.py:93} INFO - 1                        Target            price
[2026-01-14T12:42:10.699+0000] {subprocess.py:93} INFO - 2                   Target type       Regression
[2026-01-14T12:42:10.699+0000] {subprocess.py:93} INFO - 3           Original data shape        (500, 10)
[2026-01-14T12:42:10.700+0000] {subprocess.py:93} INFO - 4        Transformed data shape        (500, 27)
[2026-01-14T12:42:10.700+0000] {subprocess.py:93} INFO - 5   Transformed train set shape        (350, 27)
[2026-01-14T12:42:10.700+0000] {subprocess.py:93} INFO - 6    Transformed test set shape        (150, 27)
[2026-01-14T12:42:10.700+0000] {subprocess.py:93} INFO - 7              Numeric features                6
[2026-01-14T12:42:10.701+0000] {subprocess.py:93} INFO - 8          Categorical features                3
[2026-01-14T12:42:10.701+0000] {subprocess.py:93} INFO - 9                    Preprocess             True
[2026-01-14T12:42:10.701+0000] {subprocess.py:93} INFO - 10              Imputation type           simple
[2026-01-14T12:42:10.702+0000] {subprocess.py:93} INFO - 11           Numeric imputation             mean
[2026-01-14T12:42:10.702+0000] {subprocess.py:93} INFO - 12       Categorical imputation             mode
[2026-01-14T12:42:10.702+0000] {subprocess.py:93} INFO - 13     Maximum one-hot encoding               25
[2026-01-14T12:42:10.703+0000] {subprocess.py:93} INFO - 14              Encoding method             None
[2026-01-14T12:42:10.703+0000] {subprocess.py:93} INFO - 15               Fold Generator            KFold
[2026-01-14T12:42:10.703+0000] {subprocess.py:93} INFO - 16                  Fold Number                2
[2026-01-14T12:42:10.703+0000] {subprocess.py:93} INFO - 17                     CPU Jobs               -1
[2026-01-14T12:42:10.704+0000] {subprocess.py:93} INFO - 18                      Use GPU            False
[2026-01-14T12:42:10.704+0000] {subprocess.py:93} INFO - 19               Log Experiment     MlflowLogger
[2026-01-14T12:42:10.704+0000] {subprocess.py:93} INFO - 20              Experiment Name  diamonds_automl
[2026-01-14T12:42:10.704+0000] {subprocess.py:93} INFO - 21                          USI             5b8f
[2026-01-14T12:42:10.705+0000] {subprocess.py:93} INFO - stage=setup done seconds=3
[2026-01-14T12:42:10.705+0000] {subprocess.py:93} INFO - stage=compare_models start
[2026-01-14T12:42:22.801+0000] {subprocess.py:93} INFO - Processing:   0%|          | 0/17 [00:00<?, ?it/s]Processing:  29%|██▉       | 5/17 [00:03<00:09,  1.26it/s]Processing:  41%|████      | 7/17 [00:04<00:05,  1.87it/s]Processing:  53%|█████▎    | 9/17 [00:06<00:05,  1.39it/s]Processing:  65%|██████▍   | 11/17 [00:06<00:03,  1.98it/s]Processing:  76%|███████▋  | 13/17 [00:08<00:02,  1.48it/s]Processing:  88%|████████▊ | 15/17 [00:08<00:00,  2.06it/s]Processing: 100%|██████████| 17/17 [00:08<00:00,  2.75it/s]                                                                              Model        MAE           MSE       RMSE      R2   RMSLE  \
[2026-01-14T12:42:22.802+0000] {subprocess.py:93} INFO - lasso   Lasso Regression   920.0133  1.738998e+06  1317.7276  0.9044  0.7272
[2026-01-14T12:42:22.802+0000] {subprocess.py:93} INFO - lr     Linear Regression   941.0716  1.813267e+06  1345.7808  0.9004  0.7183
[2026-01-14T12:42:22.803+0000] {subprocess.py:93} INFO - ridge   Ridge Regression  1056.2834  2.145356e+06  1464.5901  0.8825  0.7164
[2026-01-14T12:42:22.803+0000] {subprocess.py:93} INFO - 
[2026-01-14T12:42:22.803+0000] {subprocess.py:93} INFO -          MAPE  TT (Sec)
[2026-01-14T12:42:22.804+0000] {subprocess.py:93} INFO - lasso  0.5691     1.035
[2026-01-14T12:42:22.804+0000] {subprocess.py:93} INFO - lr     0.5962     1.985
[2026-01-14T12:42:22.804+0000] {subprocess.py:93} INFO - ridge  0.6345     1.075
[2026-01-14T12:42:22.804+0000] {subprocess.py:93} INFO - stage=compare_models done seconds=14
[2026-01-14T12:42:22.805+0000] {subprocess.py:93} INFO - stage=finalize_model start
[2026-01-14T12:42:22.805+0000] {subprocess.py:93} INFO - stage=finalize_model done seconds=15
[2026-01-14T12:42:22.805+0000] {subprocess.py:93} INFO - stage=predict_model start
[2026-01-14T12:42:22.806+0000] {subprocess.py:93} INFO -               Model       MAE          MSE       RMSE      R2   RMSLE    MAPE
[2026-01-14T12:42:22.806+0000] {subprocess.py:93} INFO - 0  Lasso Regression  960.4006  3217472.938  1793.7316  0.7675  0.6474  0.5161
[2026-01-14T12:42:22.806+0000] {subprocess.py:93} INFO - stage=predict_model done seconds=15
[2026-01-14T12:42:22.808+0000] {subprocess.py:93} INFO - Traceback (most recent call last):
[2026-01-14T12:42:22.808+0000] {subprocess.py:93} INFO -   File "/home/***/.local/lib/python3.8/site-packages/pandas/core/indexes/base.py", line 3802, in get_loc
[2026-01-14T12:42:22.809+0000] {subprocess.py:93} INFO -     return self._engine.get_loc(casted_key)
[2026-01-14T12:42:22.809+0000] {subprocess.py:93} INFO -   File "pandas/_libs/index.pyx", line 138, in pandas._libs.index.IndexEngine.get_loc
[2026-01-14T12:42:22.809+0000] {subprocess.py:93} INFO -   File "pandas/_libs/index.pyx", line 165, in pandas._libs.index.IndexEngine.get_loc
[2026-01-14T12:42:22.810+0000] {subprocess.py:93} INFO -   File "pandas/_libs/hashtable_class_helper.pxi", line 5745, in pandas._libs.hashtable.PyObjectHashTable.get_item
[2026-01-14T12:42:22.810+0000] {subprocess.py:93} INFO -   File "pandas/_libs/hashtable_class_helper.pxi", line 5753, in pandas._libs.hashtable.PyObjectHashTable.get_item
[2026-01-14T12:42:22.810+0000] {subprocess.py:93} INFO - KeyError: 'Label'
[2026-01-14T12:42:22.811+0000] {subprocess.py:93} INFO - 
[2026-01-14T12:42:22.811+0000] {subprocess.py:93} INFO - The above exception was the direct cause of the following exception:
[2026-01-14T12:42:22.811+0000] {subprocess.py:93} INFO - 
[2026-01-14T12:42:22.812+0000] {subprocess.py:93} INFO - Traceback (most recent call last):
[2026-01-14T12:42:22.812+0000] {subprocess.py:93} INFO -   File "/opt/***/scripts/train_pycaret.py", line 108, in <module>
[2026-01-14T12:42:22.812+0000] {subprocess.py:93} INFO -     main()
[2026-01-14T12:42:22.820+0000] {subprocess.py:93} INFO -   File "/opt/***/scripts/train_pycaret.py", line 76, in main
[2026-01-14T12:42:22.827+0000] {subprocess.py:93} INFO -     y_pred = preds["Label"]
[2026-01-14T12:42:22.828+0000] {subprocess.py:93} INFO -   File "/home/***/.local/lib/python3.8/site-packages/pandas/core/frame.py", line 3807, in __getitem__
[2026-01-14T12:42:22.829+0000] {subprocess.py:93} INFO -     indexer = self.columns.get_loc(key)
[2026-01-14T12:42:22.830+0000] {subprocess.py:93} INFO -   File "/home/***/.local/lib/python3.8/site-packages/pandas/core/indexes/base.py", line 3804, in get_loc
[2026-01-14T12:42:22.830+0000] {subprocess.py:93} INFO -     raise KeyError(key) from err
[2026-01-14T12:42:22.831+0000] {subprocess.py:93} INFO - KeyError: 'Label'
[2026-01-14T12:42:24.007+0000] {subprocess.py:97} INFO - Command exited with return code 1
[2026-01-14T12:42:24.026+0000] {taskinstance.py:1937} ERROR - Task failed with exception
Traceback (most recent call last):
  File "/home/airflow/.local/lib/python3.8/site-packages/airflow/operators/bash.py", line 210, in execute
    raise AirflowException(
airflow.exceptions.AirflowException: Bash command failed. The command returned a non-zero exit code 1.
[2026-01-14T12:42:24.030+0000] {taskinstance.py:1400} INFO - Marking task as FAILED. dag_id=drift_retrain_register, task_id=train_model, execution_date=20260114T124153, start_date=20260114T124203, end_date=20260114T124224
[2026-01-14T12:42:24.047+0000] {standard_task_runner.py:104} ERROR - Failed to execute job 45 for task train_model (Bash command failed. The command returned a non-zero exit code 1.; 269)
[2026-01-14T12:42:24.087+0000] {local_task_job_runner.py:228} INFO - Task exited with return code 1
[2026-01-14T12:42:24.110+0000] {taskinstance.py:2778} INFO - 0 downstream tasks scheduled from follow-on schedule check
