[2026-01-14T12:38:32.237+0000] {taskinstance.py:1159} INFO - Dependencies all met for dep_context=non-requeueable deps ti=<TaskInstance: drift_retrain_register.train_model manual__2026-01-14T12:38:21.615567+00:00 [queued]>
[2026-01-14T12:38:32.249+0000] {taskinstance.py:1159} INFO - Dependencies all met for dep_context=requeueable deps ti=<TaskInstance: drift_retrain_register.train_model manual__2026-01-14T12:38:21.615567+00:00 [queued]>
[2026-01-14T12:38:32.250+0000] {taskinstance.py:1361} INFO - Starting attempt 1 of 1
[2026-01-14T12:38:32.263+0000] {taskinstance.py:1382} INFO - Executing <Task(BashOperator): train_model> on 2026-01-14 12:38:21.615567+00:00
[2026-01-14T12:38:32.269+0000] {standard_task_runner.py:57} INFO - Started process 276 to run task
[2026-01-14T12:38:32.273+0000] {standard_task_runner.py:84} INFO - Running: ['***', 'tasks', 'run', 'drift_retrain_register', 'train_model', 'manual__2026-01-14T12:38:21.615567+00:00', '--job-id', '40', '--raw', '--subdir', 'DAGS_FOLDER/drift_retrain_register_dag.py', '--cfg-path', '/tmp/tmpbs3zlmy2']
[2026-01-14T12:38:32.276+0000] {standard_task_runner.py:85} INFO - Job 40: Subtask train_model
[2026-01-14T12:38:32.338+0000] {task_command.py:416} INFO - Running <TaskInstance: drift_retrain_register.train_model manual__2026-01-14T12:38:21.615567+00:00 [running]> on host 916cc81d9152
[2026-01-14T12:38:32.420+0000] {taskinstance.py:1662} INFO - Exporting env vars: AIRFLOW_CTX_DAG_OWNER='***' AIRFLOW_CTX_DAG_ID='drift_retrain_register' AIRFLOW_CTX_TASK_ID='train_model' AIRFLOW_CTX_EXECUTION_DATE='2026-01-14T12:38:21.615567+00:00' AIRFLOW_CTX_TRY_NUMBER='1' AIRFLOW_CTX_DAG_RUN_ID='manual__2026-01-14T12:38:21.615567+00:00'
[2026-01-14T12:38:32.421+0000] {subprocess.py:63} INFO - Tmp dir root location: /tmp
[2026-01-14T12:38:32.423+0000] {subprocess.py:75} INFO - Running command: ['/bin/bash', '-c', 'python /opt/***/scripts/train_pycaret.py']
[2026-01-14T12:38:32.435+0000] {subprocess.py:86} INFO - Output:
[2026-01-14T12:38:38.855+0000] {subprocess.py:93} INFO - 2026/01/14 12:38:38 WARNING mlflow.utils.git_utils: Failed to import Git (the Git executable is probably not on your PATH), so Git SHA is not available. Error: Failed to initialize: Bad git executable.
[2026-01-14T12:38:38.856+0000] {subprocess.py:93} INFO - The git executable must be specified in one of the following ways:
[2026-01-14T12:38:38.856+0000] {subprocess.py:93} INFO -     - be included in your $PATH
[2026-01-14T12:38:38.857+0000] {subprocess.py:93} INFO -     - be set via $GIT_PYTHON_GIT_EXECUTABLE
[2026-01-14T12:38:38.857+0000] {subprocess.py:93} INFO -     - explicitly set via git.refresh(<full-path-to-git-executable>)
[2026-01-14T12:38:38.857+0000] {subprocess.py:93} INFO - 
[2026-01-14T12:38:38.858+0000] {subprocess.py:93} INFO - All git commands will error until this is rectified.
[2026-01-14T12:38:38.858+0000] {subprocess.py:93} INFO - 
[2026-01-14T12:38:38.858+0000] {subprocess.py:93} INFO - This initial message can be silenced or aggravated in the future by setting the
[2026-01-14T12:38:38.858+0000] {subprocess.py:93} INFO - $GIT_PYTHON_REFRESH environment variable. Use one of the following values:
[2026-01-14T12:38:38.859+0000] {subprocess.py:93} INFO -     - quiet|q|silence|s|silent|none|n|0: for no message or exception
[2026-01-14T12:38:38.859+0000] {subprocess.py:93} INFO -     - warn|w|warning|log|l|1: for a warning message (logging level CRITICAL, displayed by default)
[2026-01-14T12:38:38.859+0000] {subprocess.py:93} INFO -     - error|e|exception|raise|r|2: for a raised exception
[2026-01-14T12:38:38.860+0000] {subprocess.py:93} INFO - 
[2026-01-14T12:38:38.860+0000] {subprocess.py:93} INFO - Example:
[2026-01-14T12:38:38.860+0000] {subprocess.py:93} INFO -     export GIT_PYTHON_REFRESH=quiet
[2026-01-14T12:38:38.860+0000] {subprocess.py:93} INFO - 
[2026-01-14T12:38:39.370+0000] {subprocess.py:93} INFO - stage=setup start
[2026-01-14T12:38:39.370+0000] {subprocess.py:93} INFO -                     Description            Value
[2026-01-14T12:38:39.371+0000] {subprocess.py:93} INFO - 0                    Session id               42
[2026-01-14T12:38:39.371+0000] {subprocess.py:93} INFO - 1                        Target            price
[2026-01-14T12:38:39.371+0000] {subprocess.py:93} INFO - 2                   Target type       Regression
[2026-01-14T12:38:39.372+0000] {subprocess.py:93} INFO - 3           Original data shape      (10000, 10)
[2026-01-14T12:38:39.372+0000] {subprocess.py:93} INFO - 4        Transformed data shape      (10000, 27)
[2026-01-14T12:38:39.372+0000] {subprocess.py:93} INFO - 5   Transformed train set shape       (7000, 27)
[2026-01-14T12:38:39.373+0000] {subprocess.py:93} INFO - 6    Transformed test set shape       (3000, 27)
[2026-01-14T12:38:39.373+0000] {subprocess.py:93} INFO - 7              Numeric features                6
[2026-01-14T12:38:39.373+0000] {subprocess.py:93} INFO - 8          Categorical features                3
[2026-01-14T12:38:39.373+0000] {subprocess.py:93} INFO - 9                    Preprocess             True
[2026-01-14T12:38:39.374+0000] {subprocess.py:93} INFO - 10              Imputation type           simple
[2026-01-14T12:38:39.374+0000] {subprocess.py:93} INFO - 11           Numeric imputation             mean
[2026-01-14T12:38:39.374+0000] {subprocess.py:93} INFO - 12       Categorical imputation             mode
[2026-01-14T12:38:39.375+0000] {subprocess.py:93} INFO - 13     Maximum one-hot encoding               25
[2026-01-14T12:38:39.375+0000] {subprocess.py:93} INFO - 14              Encoding method             None
[2026-01-14T12:38:39.375+0000] {subprocess.py:93} INFO - 15               Fold Generator            KFold
[2026-01-14T12:38:39.375+0000] {subprocess.py:93} INFO - 16                  Fold Number                3
[2026-01-14T12:38:39.376+0000] {subprocess.py:93} INFO - 17                     CPU Jobs               -1
[2026-01-14T12:38:39.376+0000] {subprocess.py:93} INFO - 18                      Use GPU            False
[2026-01-14T12:38:39.376+0000] {subprocess.py:93} INFO - 19               Log Experiment     MlflowLogger
[2026-01-14T12:38:39.376+0000] {subprocess.py:93} INFO - 20              Experiment Name  diamonds_automl
[2026-01-14T12:38:39.377+0000] {subprocess.py:93} INFO - 21                          USI             97c7
[2026-01-14T12:38:39.377+0000] {subprocess.py:93} INFO - stage=setup done seconds=3
[2026-01-14T12:38:39.377+0000] {subprocess.py:93} INFO - stage=compare_models start
[2026-01-14T12:41:13.442+0000] {local_task_job_runner.py:115} ERROR - Received SIGTERM. Terminating subprocesses
[2026-01-14T12:41:13.454+0000] {process_utils.py:131} INFO - Sending 15 to group 276. PIDs of all processes in the group: [277, 384, 385, 386, 387, 388, 389, 390, 391, 392, 393, 394, 395, 396, 397, 276]
[2026-01-14T12:41:13.463+0000] {process_utils.py:86} INFO - Sending the signal 15 to group 276
[2026-01-14T12:41:13.465+0000] {taskinstance.py:1632} ERROR - Received SIGTERM. Terminating subprocesses.
[2026-01-14T12:41:13.466+0000] {subprocess.py:104} INFO - Sending SIGTERM signal to process group
[2026-01-14T12:41:13.508+0000] {taskinstance.py:1937} ERROR - Task failed with exception
Traceback (most recent call last):
  File "/home/airflow/.local/lib/python3.8/site-packages/airflow/operators/bash.py", line 201, in execute
    result = self.subprocess_hook.run_command(
  File "/home/airflow/.local/lib/python3.8/site-packages/airflow/hooks/subprocess.py", line 91, in run_command
    for raw_line in iter(self.sub_process.stdout.readline, b""):
  File "/home/airflow/.local/lib/python3.8/site-packages/airflow/models/taskinstance.py", line 1634, in signal_handler
    raise AirflowException("Task received SIGTERM signal")
airflow.exceptions.AirflowException: Task received SIGTERM signal
[2026-01-14T12:41:13.531+0000] {taskinstance.py:1400} INFO - Marking task as FAILED. dag_id=drift_retrain_register, task_id=train_model, execution_date=20260114T123821, start_date=20260114T123832, end_date=20260114T124113
[2026-01-14T12:41:13.591+0000] {standard_task_runner.py:104} ERROR - Failed to execute job 40 for task train_model (Task received SIGTERM signal; 276)
[2026-01-14T12:41:13.632+0000] {process_utils.py:79} INFO - Process psutil.Process(pid=394, status='terminated', started='12:38:38') (394) terminated with exit code None
[2026-01-14T12:41:13.649+0000] {process_utils.py:79} INFO - Process psutil.Process(pid=397, status='terminated', started='12:38:38') (397) terminated with exit code None
[2026-01-14T12:41:13.650+0000] {process_utils.py:79} INFO - Process psutil.Process(pid=276, status='terminated', exitcode=1, started='12:38:31') (276) terminated with exit code 1
[2026-01-14T12:41:13.651+0000] {process_utils.py:79} INFO - Process psutil.Process(pid=393, status='terminated', started='12:38:38') (393) terminated with exit code None
[2026-01-14T12:41:13.667+0000] {process_utils.py:79} INFO - Process psutil.Process(pid=388, status='terminated', started='12:38:38') (388) terminated with exit code None
[2026-01-14T12:41:13.668+0000] {process_utils.py:79} INFO - Process psutil.Process(pid=396, status='terminated', started='12:38:38') (396) terminated with exit code None
[2026-01-14T12:41:13.668+0000] {process_utils.py:79} INFO - Process psutil.Process(pid=389, status='terminated', started='12:38:38') (389) terminated with exit code None
[2026-01-14T12:41:13.763+0000] {process_utils.py:79} INFO - Process psutil.Process(pid=384, status='terminated', started='12:38:38') (384) terminated with exit code None
[2026-01-14T12:41:13.764+0000] {process_utils.py:79} INFO - Process psutil.Process(pid=390, status='terminated', started='12:38:38') (390) terminated with exit code None
[2026-01-14T12:41:13.764+0000] {process_utils.py:79} INFO - Process psutil.Process(pid=385, status='terminated', started='12:38:38') (385) terminated with exit code None
[2026-01-14T12:41:13.765+0000] {process_utils.py:79} INFO - Process psutil.Process(pid=395, status='terminated', started='12:38:38') (395) terminated with exit code None
[2026-01-14T12:41:13.765+0000] {process_utils.py:79} INFO - Process psutil.Process(pid=391, status='terminated', started='12:38:38') (391) terminated with exit code None
[2026-01-14T12:41:13.765+0000] {process_utils.py:79} INFO - Process psutil.Process(pid=386, status='terminated', started='12:38:38') (386) terminated with exit code None
[2026-01-14T12:41:13.766+0000] {process_utils.py:79} INFO - Process psutil.Process(pid=392, status='terminated', started='12:38:38') (392) terminated with exit code None
[2026-01-14T12:41:13.766+0000] {process_utils.py:79} INFO - Process psutil.Process(pid=387, status='terminated', started='12:38:38') (387) terminated with exit code None
[2026-01-14T12:41:13.767+0000] {process_utils.py:79} INFO - Process psutil.Process(pid=277, status='terminated', started='12:38:31') (277) terminated with exit code None
[2026-01-14T12:41:13.767+0000] {local_task_job_runner.py:228} INFO - Task exited with return code 143
[2026-01-14T12:41:13.789+0000] {taskinstance.py:2778} INFO - 0 downstream tasks scheduled from follow-on schedule check
